<?xml version="1.0" encoding="UTF-8"?>
<testng-results ignored="0" total="1" passed="1" failed="0" skipped="0">
  <reporter-output>
  </reporter-output>
  <suite started-at="2024-05-31T15:02:46 IST" name="Default suite" finished-at="2024-05-31T15:03:05 IST" duration-ms="19317">
    <groups>
    </groups>
    <test started-at="2024-05-31T15:02:46 IST" name="Default test" finished-at="2024-05-31T15:03:05 IST" duration-ms="19317">
      <class name="star2344.star2344.ExtentReport">
        <test-method is-config="true" signature="setup()[pri:0, instance:star2344.star2344.ExtentReport@5e8ac0e1]" started-at="2024-05-31T15:02:46 IST" name="setup" finished-at="2024-05-31T15:02:46 IST" duration-ms="227" status="PASS">
          <reporter-output>
          </reporter-output>
        </test-method> <!-- setup -->
        <test-method signature="login()[pri:0, instance:star2344.star2344.ExtentReport@5e8ac0e1]" started-at="2024-05-31T15:02:46 IST" name="login" finished-at="2024-05-31T15:03:05 IST" duration-ms="19034" status="PASS">
          <reporter-output>
          </reporter-output>
        </test-method> <!-- login -->
      </class> <!-- star2344.star2344.ExtentReport -->
    </test> <!-- Default test -->
  </suite> <!-- Default suite -->
</testng-results>
